<?xml version="1.0" encoding="UTF-8"?>
<testsuite xmlns:xsi="http://www.w3.org/2001/XMLSchema-instance" xsi:noNamespaceSchemaLocation="https://maven.apache.org/surefire/maven-surefire-plugin/xsd/surefire-test-report.xsd" name="com.rjoerger.com.rjoerger.maven.discord_connect.AppTest" time="0.097" tests="0" errors="0" skipped="0" failures="0">
  <properties>
    <property name="java.specification.version" value="18"/>
    <property name="sun.jnu.encoding" value="UTF-8"/>
    <property name="java.class.path" value="/home/raj/projs/kafka-discord-connector/kafka-discord-connector/target/test-classes:/home/raj/projs/kafka-discord-connector/kafka-discord-connector/target/classes:/home/raj/.m2/repository/junit/junit/4.11/junit-4.11.jar:/home/raj/.m2/repository/org/hamcrest/hamcrest-core/1.3/hamcrest-core-1.3.jar:/home/raj/.m2/repository/com/discord4j/discord4j-core/3.2.2/discord4j-core-3.2.2.jar:/home/raj/.m2/repository/com/discord4j/discord-json/1.6.12/discord-json-1.6.12.jar:/home/raj/.m2/repository/com/discord4j/discord-json-api/1.6.12/discord-json-api-1.6.12.jar:/home/raj/.m2/repository/com/fasterxml/jackson/core/jackson-databind/2.12.4/jackson-databind-2.12.4.jar:/home/raj/.m2/repository/com/fasterxml/jackson/core/jackson-annotations/2.12.4/jackson-annotations-2.12.4.jar:/home/raj/.m2/repository/com/fasterxml/jackson/core/jackson-core/2.12.4/jackson-core-2.12.4.jar:/home/raj/.m2/repository/com/fasterxml/jackson/datatype/jackson-datatype-jdk8/2.12.4/jackson-datatype-jdk8-2.12.4.jar:/home/raj/.m2/repository/com/discord4j/discord4j-rest/3.2.2/discord4j-rest-3.2.2.jar:/home/raj/.m2/repository/com/discord4j/discord4j-common/3.2.2/discord4j-common-3.2.2.jar:/home/raj/.m2/repository/io/projectreactor/netty/reactor-netty-http/1.0.16/reactor-netty-http-1.0.16.jar:/home/raj/.m2/repository/io/netty/netty-codec-http/4.1.74.Final/netty-codec-http-4.1.74.Final.jar:/home/raj/.m2/repository/io/netty/netty-common/4.1.74.Final/netty-common-4.1.74.Final.jar:/home/raj/.m2/repository/io/netty/netty-buffer/4.1.74.Final/netty-buffer-4.1.74.Final.jar:/home/raj/.m2/repository/io/netty/netty-transport/4.1.74.Final/netty-transport-4.1.74.Final.jar:/home/raj/.m2/repository/io/netty/netty-codec/4.1.74.Final/netty-codec-4.1.74.Final.jar:/home/raj/.m2/repository/io/netty/netty-handler/4.1.74.Final/netty-handler-4.1.74.Final.jar:/home/raj/.m2/repository/io/netty/netty-tcnative-classes/2.0.48.Final/netty-tcnative-classes-2.0.48.Final.jar:/home/raj/.m2/repository/io/netty/netty-codec-http2/4.1.74.Final/netty-codec-http2-4.1.74.Final.jar:/home/raj/.m2/repository/io/netty/netty-resolver-dns/4.1.74.Final/netty-resolver-dns-4.1.74.Final.jar:/home/raj/.m2/repository/io/netty/netty-resolver/4.1.74.Final/netty-resolver-4.1.74.Final.jar:/home/raj/.m2/repository/io/netty/netty-codec-dns/4.1.74.Final/netty-codec-dns-4.1.74.Final.jar:/home/raj/.m2/repository/io/netty/netty-resolver-dns-native-macos/4.1.74.Final/netty-resolver-dns-native-macos-4.1.74.Final-osx-x86_64.jar:/home/raj/.m2/repository/io/netty/netty-resolver-dns-classes-macos/4.1.74.Final/netty-resolver-dns-classes-macos-4.1.74.Final.jar:/home/raj/.m2/repository/io/netty/netty-transport-native-epoll/4.1.74.Final/netty-transport-native-epoll-4.1.74.Final-linux-x86_64.jar:/home/raj/.m2/repository/io/netty/netty-transport-native-unix-common/4.1.74.Final/netty-transport-native-unix-common-4.1.74.Final.jar:/home/raj/.m2/repository/io/netty/netty-transport-classes-epoll/4.1.74.Final/netty-transport-classes-epoll-4.1.74.Final.jar:/home/raj/.m2/repository/io/projectreactor/netty/reactor-netty-core/1.0.16/reactor-netty-core-1.0.16.jar:/home/raj/.m2/repository/io/netty/netty-handler-proxy/4.1.74.Final/netty-handler-proxy-4.1.74.Final.jar:/home/raj/.m2/repository/io/netty/netty-codec-socks/4.1.74.Final/netty-codec-socks-4.1.74.Final.jar:/home/raj/.m2/repository/com/github/ben-manes/caffeine/caffeine/2.8.8/caffeine-2.8.8.jar:/home/raj/.m2/repository/org/checkerframework/checker-qual/3.8.0/checker-qual-3.8.0.jar:/home/raj/.m2/repository/com/google/errorprone/error_prone_annotations/2.4.0/error_prone_annotations-2.4.0.jar:/home/raj/.m2/repository/com/discord4j/discord4j-gateway/3.2.2/discord4j-gateway-3.2.2.jar:/home/raj/.m2/repository/io/projectreactor/addons/reactor-extra/3.4.6/reactor-extra-3.4.6.jar:/home/raj/.m2/repository/io/projectreactor/reactor-core/3.4.13/reactor-core-3.4.13.jar:/home/raj/.m2/repository/com/discord4j/discord4j-voice/3.2.2/discord4j-voice-3.2.2.jar:/home/raj/.m2/repository/com/discord4j/simple-fsm/1.0.1/simple-fsm-1.0.1.jar:/home/raj/.m2/repository/com/discord4j/stores-jdk/3.2.1/stores-jdk-3.2.1.jar:/home/raj/.m2/repository/com/discord4j/stores-api/3.2.1/stores-api-3.2.1.jar:/home/raj/.m2/repository/com/austinv11/servicer/Servicer/1.0.3/Servicer-1.0.3.jar:/home/raj/.m2/repository/org/apache/kafka/connect-api/2.5.1/connect-api-2.5.1.jar:/home/raj/.m2/repository/org/apache/kafka/kafka-clients/2.5.1/kafka-clients-2.5.1.jar:/home/raj/.m2/repository/com/github/luben/zstd-jni/1.4.4-7/zstd-jni-1.4.4-7.jar:/home/raj/.m2/repository/org/lz4/lz4-java/1.7.1/lz4-java-1.7.1.jar:/home/raj/.m2/repository/org/xerial/snappy/snappy-java/1.1.7.3/snappy-java-1.1.7.3.jar:/home/raj/.m2/repository/javax/ws/rs/javax.ws.rs-api/2.1.1/javax.ws.rs-api-2.1.1.jar:/home/raj/.m2/repository/org/reactivestreams/reactive-streams/1.0.3/reactive-streams-1.0.3.jar:/home/raj/.m2/repository/org/reactivestreams/reactive-streams-tck/1.0.3/reactive-streams-tck-1.0.3.jar:/home/raj/.m2/repository/org/testng/testng/5.14.10/testng-5.14.10.jar:/home/raj/.m2/repository/org/beanshell/bsh/2.0b4/bsh-2.0b4.jar:/home/raj/.m2/repository/com/beust/jcommander/1.12/jcommander-1.12.jar:/home/raj/.m2/repository/org/yaml/snakeyaml/1.6/snakeyaml-1.6.jar:/home/raj/.m2/repository/org/reactivestreams/reactive-streams-tck-flow/1.0.3/reactive-streams-tck-flow-1.0.3.jar:/home/raj/.m2/repository/org/reactivestreams/reactive-streams-examples/1.0.3/reactive-streams-examples-1.0.3.jar:/home/raj/.m2/repository/org/slf4j/slf4j-api/1.7.25/slf4j-api-1.7.25.jar:"/>
    <property name="java.vm.vendor" value="Oracle Corporation"/>
    <property name="sun.arch.data.model" value="64"/>
    <property name="java.vendor.url" value="https://java.oracle.com/"/>
    <property name="os.name" value="Linux"/>
    <property name="java.vm.specification.version" value="18"/>
    <property name="sun.java.launcher" value="SUN_STANDARD"/>
    <property name="user.country" value="US"/>
    <property name="sun.boot.library.path" value="/home/raj/.jdks/openjdk-18.0.1.1/lib"/>
    <property name="sun.java.command" value="/home/raj/projs/kafka-discord-connector/kafka-discord-connector/target/surefire/surefirebooter9486841432295845026.jar /home/raj/projs/kafka-discord-connector/kafka-discord-connector/target/surefire 2022-05-11T22-34-01_846-jvmRun1 surefire941322740896338414tmp surefire_011076571931093392965tmp"/>
    <property name="jdk.debug" value="release"/>
    <property name="surefire.test.class.path" value="/home/raj/projs/kafka-discord-connector/kafka-discord-connector/target/test-classes:/home/raj/projs/kafka-discord-connector/kafka-discord-connector/target/classes:/home/raj/.m2/repository/junit/junit/4.11/junit-4.11.jar:/home/raj/.m2/repository/org/hamcrest/hamcrest-core/1.3/hamcrest-core-1.3.jar:/home/raj/.m2/repository/com/discord4j/discord4j-core/3.2.2/discord4j-core-3.2.2.jar:/home/raj/.m2/repository/com/discord4j/discord-json/1.6.12/discord-json-1.6.12.jar:/home/raj/.m2/repository/com/discord4j/discord-json-api/1.6.12/discord-json-api-1.6.12.jar:/home/raj/.m2/repository/com/fasterxml/jackson/core/jackson-databind/2.12.4/jackson-databind-2.12.4.jar:/home/raj/.m2/repository/com/fasterxml/jackson/core/jackson-annotations/2.12.4/jackson-annotations-2.12.4.jar:/home/raj/.m2/repository/com/fasterxml/jackson/core/jackson-core/2.12.4/jackson-core-2.12.4.jar:/home/raj/.m2/repository/com/fasterxml/jackson/datatype/jackson-datatype-jdk8/2.12.4/jackson-datatype-jdk8-2.12.4.jar:/home/raj/.m2/repository/com/discord4j/discord4j-rest/3.2.2/discord4j-rest-3.2.2.jar:/home/raj/.m2/repository/com/discord4j/discord4j-common/3.2.2/discord4j-common-3.2.2.jar:/home/raj/.m2/repository/io/projectreactor/netty/reactor-netty-http/1.0.16/reactor-netty-http-1.0.16.jar:/home/raj/.m2/repository/io/netty/netty-codec-http/4.1.74.Final/netty-codec-http-4.1.74.Final.jar:/home/raj/.m2/repository/io/netty/netty-common/4.1.74.Final/netty-common-4.1.74.Final.jar:/home/raj/.m2/repository/io/netty/netty-buffer/4.1.74.Final/netty-buffer-4.1.74.Final.jar:/home/raj/.m2/repository/io/netty/netty-transport/4.1.74.Final/netty-transport-4.1.74.Final.jar:/home/raj/.m2/repository/io/netty/netty-codec/4.1.74.Final/netty-codec-4.1.74.Final.jar:/home/raj/.m2/repository/io/netty/netty-handler/4.1.74.Final/netty-handler-4.1.74.Final.jar:/home/raj/.m2/repository/io/netty/netty-tcnative-classes/2.0.48.Final/netty-tcnative-classes-2.0.48.Final.jar:/home/raj/.m2/repository/io/netty/netty-codec-http2/4.1.74.Final/netty-codec-http2-4.1.74.Final.jar:/home/raj/.m2/repository/io/netty/netty-resolver-dns/4.1.74.Final/netty-resolver-dns-4.1.74.Final.jar:/home/raj/.m2/repository/io/netty/netty-resolver/4.1.74.Final/netty-resolver-4.1.74.Final.jar:/home/raj/.m2/repository/io/netty/netty-codec-dns/4.1.74.Final/netty-codec-dns-4.1.74.Final.jar:/home/raj/.m2/repository/io/netty/netty-resolver-dns-native-macos/4.1.74.Final/netty-resolver-dns-native-macos-4.1.74.Final-osx-x86_64.jar:/home/raj/.m2/repository/io/netty/netty-resolver-dns-classes-macos/4.1.74.Final/netty-resolver-dns-classes-macos-4.1.74.Final.jar:/home/raj/.m2/repository/io/netty/netty-transport-native-epoll/4.1.74.Final/netty-transport-native-epoll-4.1.74.Final-linux-x86_64.jar:/home/raj/.m2/repository/io/netty/netty-transport-native-unix-common/4.1.74.Final/netty-transport-native-unix-common-4.1.74.Final.jar:/home/raj/.m2/repository/io/netty/netty-transport-classes-epoll/4.1.74.Final/netty-transport-classes-epoll-4.1.74.Final.jar:/home/raj/.m2/repository/io/projectreactor/netty/reactor-netty-core/1.0.16/reactor-netty-core-1.0.16.jar:/home/raj/.m2/repository/io/netty/netty-handler-proxy/4.1.74.Final/netty-handler-proxy-4.1.74.Final.jar:/home/raj/.m2/repository/io/netty/netty-codec-socks/4.1.74.Final/netty-codec-socks-4.1.74.Final.jar:/home/raj/.m2/repository/com/github/ben-manes/caffeine/caffeine/2.8.8/caffeine-2.8.8.jar:/home/raj/.m2/repository/org/checkerframework/checker-qual/3.8.0/checker-qual-3.8.0.jar:/home/raj/.m2/repository/com/google/errorprone/error_prone_annotations/2.4.0/error_prone_annotations-2.4.0.jar:/home/raj/.m2/repository/com/discord4j/discord4j-gateway/3.2.2/discord4j-gateway-3.2.2.jar:/home/raj/.m2/repository/io/projectreactor/addons/reactor-extra/3.4.6/reactor-extra-3.4.6.jar:/home/raj/.m2/repository/io/projectreactor/reactor-core/3.4.13/reactor-core-3.4.13.jar:/home/raj/.m2/repository/com/discord4j/discord4j-voice/3.2.2/discord4j-voice-3.2.2.jar:/home/raj/.m2/repository/com/discord4j/simple-fsm/1.0.1/simple-fsm-1.0.1.jar:/home/raj/.m2/repository/com/discord4j/stores-jdk/3.2.1/stores-jdk-3.2.1.jar:/home/raj/.m2/repository/com/discord4j/stores-api/3.2.1/stores-api-3.2.1.jar:/home/raj/.m2/repository/com/austinv11/servicer/Servicer/1.0.3/Servicer-1.0.3.jar:/home/raj/.m2/repository/org/apache/kafka/connect-api/2.5.1/connect-api-2.5.1.jar:/home/raj/.m2/repository/org/apache/kafka/kafka-clients/2.5.1/kafka-clients-2.5.1.jar:/home/raj/.m2/repository/com/github/luben/zstd-jni/1.4.4-7/zstd-jni-1.4.4-7.jar:/home/raj/.m2/repository/org/lz4/lz4-java/1.7.1/lz4-java-1.7.1.jar:/home/raj/.m2/repository/org/xerial/snappy/snappy-java/1.1.7.3/snappy-java-1.1.7.3.jar:/home/raj/.m2/repository/javax/ws/rs/javax.ws.rs-api/2.1.1/javax.ws.rs-api-2.1.1.jar:/home/raj/.m2/repository/org/reactivestreams/reactive-streams/1.0.3/reactive-streams-1.0.3.jar:/home/raj/.m2/repository/org/reactivestreams/reactive-streams-tck/1.0.3/reactive-streams-tck-1.0.3.jar:/home/raj/.m2/repository/org/testng/testng/5.14.10/testng-5.14.10.jar:/home/raj/.m2/repository/org/beanshell/bsh/2.0b4/bsh-2.0b4.jar:/home/raj/.m2/repository/com/beust/jcommander/1.12/jcommander-1.12.jar:/home/raj/.m2/repository/org/yaml/snakeyaml/1.6/snakeyaml-1.6.jar:/home/raj/.m2/repository/org/reactivestreams/reactive-streams-tck-flow/1.0.3/reactive-streams-tck-flow-1.0.3.jar:/home/raj/.m2/repository/org/reactivestreams/reactive-streams-examples/1.0.3/reactive-streams-examples-1.0.3.jar:/home/raj/.m2/repository/org/slf4j/slf4j-api/1.7.25/slf4j-api-1.7.25.jar:"/>
    <property name="sun.cpu.endian" value="little"/>
    <property name="user.home" value="/home/raj"/>
    <property name="user.language" value="en"/>
    <property name="java.specification.vendor" value="Oracle Corporation"/>
    <property name="java.version.date" value="2022-04-22"/>
    <property name="java.home" value="/home/raj/.jdks/openjdk-18.0.1.1"/>
    <property name="file.separator" value="/"/>
    <property name="basedir" value="/home/raj/projs/kafka-discord-connector/kafka-discord-connector"/>
    <property name="java.vm.compressedOopsMode" value="Zero based"/>
    <property name="line.separator" value="&#10;"/>
    <property name="java.vm.specification.vendor" value="Oracle Corporation"/>
    <property name="java.specification.name" value="Java Platform API Specification"/>
    <property name="surefire.real.class.path" value="/home/raj/projs/kafka-discord-connector/kafka-discord-connector/target/surefire/surefirebooter9486841432295845026.jar"/>
    <property name="sun.management.compiler" value="HotSpot 64-Bit Tiered Compilers"/>
    <property name="java.runtime.version" value="18.0.1.1+2-6"/>
    <property name="user.name" value="raj"/>
    <property name="path.separator" value=":"/>
    <property name="os.version" value="5.16.18-200.fc35.x86_64"/>
    <property name="java.runtime.name" value="OpenJDK Runtime Environment"/>
    <property name="file.encoding" value="UTF-8"/>
    <property name="java.vm.name" value="OpenJDK 64-Bit Server VM"/>
    <property name="localRepository" value="/home/raj/.m2/repository"/>
    <property name="java.vendor.url.bug" value="https://bugreport.java.com/bugreport/"/>
    <property name="java.io.tmpdir" value="/tmp"/>
    <property name="idea.version" value="2022.1.1"/>
    <property name="java.version" value="18.0.1.1"/>
    <property name="user.dir" value="/home/raj/projs/kafka-discord-connector/kafka-discord-connector"/>
    <property name="os.arch" value="amd64"/>
    <property name="java.vm.specification.name" value="Java Virtual Machine Specification"/>
    <property name="native.encoding" value="UTF-8"/>
    <property name="java.library.path" value="/usr/java/packages/lib:/usr/lib64:/lib64:/lib:/usr/lib"/>
    <property name="java.vm.info" value="mixed mode, sharing"/>
    <property name="java.vendor" value="Oracle Corporation"/>
    <property name="java.vm.version" value="18.0.1.1+2-6"/>
    <property name="sun.io.unicode.encoding" value="UnicodeLittle"/>
    <property name="java.class.version" value="62.0"/>
  </properties>
</testsuite>