<?xml version="1.0" encoding="UTF-8"?>
<testsuite xmlns:xsi="http://www.w3.org/2001/XMLSchema-instance" xsi:noNamespaceSchemaLocation="https://maven.apache.org/surefire/maven-surefire-plugin/xsd/surefire-test-report.xsd" name="com.rjoerger.com.rjoerger.maven.discord_connect.AppTest" time="0.209" tests="0" errors="0" skipped="0" failures="0">
  <properties>
    <property name="java.specification.version" value="15"/>
    <property name="sun.cpu.isalist" value="amd64"/>
    <property name="sun.jnu.encoding" value="Cp1252"/>
    <property name="java.class.path" value="C:\Users\rjoerger\eclipse-workspace\com.rjoerger.maven.discord-connect\target\test-classes;C:\Users\rjoerger\eclipse-workspace\com.rjoerger.maven.discord-connect\target\classes;C:\Users\rjoerger\.m2\repository\junit\junit\4.11\junit-4.11.jar;C:\Users\rjoerger\.m2\repository\org\hamcrest\hamcrest-core\1.3\hamcrest-core-1.3.jar;C:\Users\rjoerger\.m2\repository\com\discord4j\discord4j-core\3.2.2\discord4j-core-3.2.2.jar;C:\Users\rjoerger\.m2\repository\com\discord4j\discord-json\1.6.12\discord-json-1.6.12.jar;C:\Users\rjoerger\.m2\repository\com\discord4j\discord-json-api\1.6.12\discord-json-api-1.6.12.jar;C:\Users\rjoerger\.m2\repository\com\fasterxml\jackson\core\jackson-databind\2.12.4\jackson-databind-2.12.4.jar;C:\Users\rjoerger\.m2\repository\com\fasterxml\jackson\core\jackson-annotations\2.12.4\jackson-annotations-2.12.4.jar;C:\Users\rjoerger\.m2\repository\com\fasterxml\jackson\core\jackson-core\2.12.4\jackson-core-2.12.4.jar;C:\Users\rjoerger\.m2\repository\com\fasterxml\jackson\datatype\jackson-datatype-jdk8\2.12.4\jackson-datatype-jdk8-2.12.4.jar;C:\Users\rjoerger\.m2\repository\com\discord4j\discord4j-rest\3.2.2\discord4j-rest-3.2.2.jar;C:\Users\rjoerger\.m2\repository\com\discord4j\discord4j-common\3.2.2\discord4j-common-3.2.2.jar;C:\Users\rjoerger\.m2\repository\io\projectreactor\netty\reactor-netty-http\1.0.16\reactor-netty-http-1.0.16.jar;C:\Users\rjoerger\.m2\repository\io\netty\netty-codec-http\4.1.74.Final\netty-codec-http-4.1.74.Final.jar;C:\Users\rjoerger\.m2\repository\io\netty\netty-common\4.1.74.Final\netty-common-4.1.74.Final.jar;C:\Users\rjoerger\.m2\repository\io\netty\netty-buffer\4.1.74.Final\netty-buffer-4.1.74.Final.jar;C:\Users\rjoerger\.m2\repository\io\netty\netty-transport\4.1.74.Final\netty-transport-4.1.74.Final.jar;C:\Users\rjoerger\.m2\repository\io\netty\netty-codec\4.1.74.Final\netty-codec-4.1.74.Final.jar;C:\Users\rjoerger\.m2\repository\io\netty\netty-handler\4.1.74.Final\netty-handler-4.1.74.Final.jar;C:\Users\rjoerger\.m2\repository\io\netty\netty-tcnative-classes\2.0.48.Final\netty-tcnative-classes-2.0.48.Final.jar;C:\Users\rjoerger\.m2\repository\io\netty\netty-codec-http2\4.1.74.Final\netty-codec-http2-4.1.74.Final.jar;C:\Users\rjoerger\.m2\repository\io\netty\netty-resolver-dns\4.1.74.Final\netty-resolver-dns-4.1.74.Final.jar;C:\Users\rjoerger\.m2\repository\io\netty\netty-resolver\4.1.74.Final\netty-resolver-4.1.74.Final.jar;C:\Users\rjoerger\.m2\repository\io\netty\netty-codec-dns\4.1.74.Final\netty-codec-dns-4.1.74.Final.jar;C:\Users\rjoerger\.m2\repository\io\netty\netty-resolver-dns-native-macos\4.1.74.Final\netty-resolver-dns-native-macos-4.1.74.Final-osx-x86_64.jar;C:\Users\rjoerger\.m2\repository\io\netty\netty-resolver-dns-classes-macos\4.1.74.Final\netty-resolver-dns-classes-macos-4.1.74.Final.jar;C:\Users\rjoerger\.m2\repository\io\netty\netty-transport-native-epoll\4.1.74.Final\netty-transport-native-epoll-4.1.74.Final-linux-x86_64.jar;C:\Users\rjoerger\.m2\repository\io\netty\netty-transport-native-unix-common\4.1.74.Final\netty-transport-native-unix-common-4.1.74.Final.jar;C:\Users\rjoerger\.m2\repository\io\netty\netty-transport-classes-epoll\4.1.74.Final\netty-transport-classes-epoll-4.1.74.Final.jar;C:\Users\rjoerger\.m2\repository\io\projectreactor\netty\reactor-netty-core\1.0.16\reactor-netty-core-1.0.16.jar;C:\Users\rjoerger\.m2\repository\io\netty\netty-handler-proxy\4.1.74.Final\netty-handler-proxy-4.1.74.Final.jar;C:\Users\rjoerger\.m2\repository\io\netty\netty-codec-socks\4.1.74.Final\netty-codec-socks-4.1.74.Final.jar;C:\Users\rjoerger\.m2\repository\com\github\ben-manes\caffeine\caffeine\2.8.8\caffeine-2.8.8.jar;C:\Users\rjoerger\.m2\repository\org\checkerframework\checker-qual\3.8.0\checker-qual-3.8.0.jar;C:\Users\rjoerger\.m2\repository\com\google\errorprone\error_prone_annotations\2.4.0\error_prone_annotations-2.4.0.jar;C:\Users\rjoerger\.m2\repository\com\discord4j\discord4j-gateway\3.2.2\discord4j-gateway-3.2.2.jar;C:\Users\rjoerger\.m2\repository\io\projectreactor\addons\reactor-extra\3.4.6\reactor-extra-3.4.6.jar;C:\Users\rjoerger\.m2\repository\io\projectreactor\reactor-core\3.4.13\reactor-core-3.4.13.jar;C:\Users\rjoerger\.m2\repository\com\discord4j\discord4j-voice\3.2.2\discord4j-voice-3.2.2.jar;C:\Users\rjoerger\.m2\repository\com\discord4j\simple-fsm\1.0.1\simple-fsm-1.0.1.jar;C:\Users\rjoerger\.m2\repository\com\discord4j\stores-jdk\3.2.1\stores-jdk-3.2.1.jar;C:\Users\rjoerger\.m2\repository\com\discord4j\stores-api\3.2.1\stores-api-3.2.1.jar;C:\Users\rjoerger\.m2\repository\com\austinv11\servicer\Servicer\1.0.3\Servicer-1.0.3.jar;C:\Users\rjoerger\.m2\repository\org\apache\kafka\connect-api\2.5.1\connect-api-2.5.1.jar;C:\Users\rjoerger\.m2\repository\org\apache\kafka\kafka-clients\2.5.1\kafka-clients-2.5.1.jar;C:\Users\rjoerger\.m2\repository\com\github\luben\zstd-jni\1.4.4-7\zstd-jni-1.4.4-7.jar;C:\Users\rjoerger\.m2\repository\org\lz4\lz4-java\1.7.1\lz4-java-1.7.1.jar;C:\Users\rjoerger\.m2\repository\org\xerial\snappy\snappy-java\1.1.7.3\snappy-java-1.1.7.3.jar;C:\Users\rjoerger\.m2\repository\javax\ws\rs\javax.ws.rs-api\2.1.1\javax.ws.rs-api-2.1.1.jar;C:\Users\rjoerger\.m2\repository\org\reactivestreams\reactive-streams\1.0.3\reactive-streams-1.0.3.jar;C:\Users\rjoerger\.m2\repository\org\reactivestreams\reactive-streams-tck\1.0.3\reactive-streams-tck-1.0.3.jar;C:\Users\rjoerger\.m2\repository\org\testng\testng\5.14.10\testng-5.14.10.jar;C:\Users\rjoerger\.m2\repository\org\beanshell\bsh\2.0b4\bsh-2.0b4.jar;C:\Users\rjoerger\.m2\repository\com\beust\jcommander\1.12\jcommander-1.12.jar;C:\Users\rjoerger\.m2\repository\org\yaml\snakeyaml\1.6\snakeyaml-1.6.jar;C:\Users\rjoerger\.m2\repository\org\reactivestreams\reactive-streams-tck-flow\1.0.3\reactive-streams-tck-flow-1.0.3.jar;C:\Users\rjoerger\.m2\repository\org\reactivestreams\reactive-streams-examples\1.0.3\reactive-streams-examples-1.0.3.jar;C:\Users\rjoerger\.m2\repository\org\slf4j\slf4j-api\1.7.25\slf4j-api-1.7.25.jar;"/>
    <property name="java.vm.vendor" value="Oracle Corporation"/>
    <property name="sun.arch.data.model" value="64"/>
    <property name="user.variant" value=""/>
    <property name="java.vendor.url" value="https://java.oracle.com/"/>
    <property name="user.timezone" value="America/New_York"/>
    <property name="os.name" value="Windows 10"/>
    <property name="java.vm.specification.version" value="15"/>
    <property name="sun.java.launcher" value="SUN_STANDARD"/>
    <property name="user.country" value="US"/>
    <property name="sun.boot.library.path" value="C:\Users\rjoerger\.p2\pool\plugins\org.eclipse.justj.openjdk.hotspot.jre.full.win32.x86_64_15.0.1.v20201027-0507\jre\bin"/>
    <property name="sun.java.command" value="C:\Users\rjoerger\AppData\Local\Temp\surefire13143406386914973921\surefirebooter17171213179259409472.jar C:\Users\rjoerger\AppData\Local\Temp\surefire13143406386914973921 2022-04-01T12-03-53_341-jvmRun1 surefire16273740545791333585tmp surefire_04018051309201732960tmp"/>
    <property name="jdk.debug" value="release"/>
    <property name="surefire.test.class.path" value="C:\Users\rjoerger\eclipse-workspace\com.rjoerger.maven.discord-connect\target\test-classes;C:\Users\rjoerger\eclipse-workspace\com.rjoerger.maven.discord-connect\target\classes;C:\Users\rjoerger\.m2\repository\junit\junit\4.11\junit-4.11.jar;C:\Users\rjoerger\.m2\repository\org\hamcrest\hamcrest-core\1.3\hamcrest-core-1.3.jar;C:\Users\rjoerger\.m2\repository\com\discord4j\discord4j-core\3.2.2\discord4j-core-3.2.2.jar;C:\Users\rjoerger\.m2\repository\com\discord4j\discord-json\1.6.12\discord-json-1.6.12.jar;C:\Users\rjoerger\.m2\repository\com\discord4j\discord-json-api\1.6.12\discord-json-api-1.6.12.jar;C:\Users\rjoerger\.m2\repository\com\fasterxml\jackson\core\jackson-databind\2.12.4\jackson-databind-2.12.4.jar;C:\Users\rjoerger\.m2\repository\com\fasterxml\jackson\core\jackson-annotations\2.12.4\jackson-annotations-2.12.4.jar;C:\Users\rjoerger\.m2\repository\com\fasterxml\jackson\core\jackson-core\2.12.4\jackson-core-2.12.4.jar;C:\Users\rjoerger\.m2\repository\com\fasterxml\jackson\datatype\jackson-datatype-jdk8\2.12.4\jackson-datatype-jdk8-2.12.4.jar;C:\Users\rjoerger\.m2\repository\com\discord4j\discord4j-rest\3.2.2\discord4j-rest-3.2.2.jar;C:\Users\rjoerger\.m2\repository\com\discord4j\discord4j-common\3.2.2\discord4j-common-3.2.2.jar;C:\Users\rjoerger\.m2\repository\io\projectreactor\netty\reactor-netty-http\1.0.16\reactor-netty-http-1.0.16.jar;C:\Users\rjoerger\.m2\repository\io\netty\netty-codec-http\4.1.74.Final\netty-codec-http-4.1.74.Final.jar;C:\Users\rjoerger\.m2\repository\io\netty\netty-common\4.1.74.Final\netty-common-4.1.74.Final.jar;C:\Users\rjoerger\.m2\repository\io\netty\netty-buffer\4.1.74.Final\netty-buffer-4.1.74.Final.jar;C:\Users\rjoerger\.m2\repository\io\netty\netty-transport\4.1.74.Final\netty-transport-4.1.74.Final.jar;C:\Users\rjoerger\.m2\repository\io\netty\netty-codec\4.1.74.Final\netty-codec-4.1.74.Final.jar;C:\Users\rjoerger\.m2\repository\io\netty\netty-handler\4.1.74.Final\netty-handler-4.1.74.Final.jar;C:\Users\rjoerger\.m2\repository\io\netty\netty-tcnative-classes\2.0.48.Final\netty-tcnative-classes-2.0.48.Final.jar;C:\Users\rjoerger\.m2\repository\io\netty\netty-codec-http2\4.1.74.Final\netty-codec-http2-4.1.74.Final.jar;C:\Users\rjoerger\.m2\repository\io\netty\netty-resolver-dns\4.1.74.Final\netty-resolver-dns-4.1.74.Final.jar;C:\Users\rjoerger\.m2\repository\io\netty\netty-resolver\4.1.74.Final\netty-resolver-4.1.74.Final.jar;C:\Users\rjoerger\.m2\repository\io\netty\netty-codec-dns\4.1.74.Final\netty-codec-dns-4.1.74.Final.jar;C:\Users\rjoerger\.m2\repository\io\netty\netty-resolver-dns-native-macos\4.1.74.Final\netty-resolver-dns-native-macos-4.1.74.Final-osx-x86_64.jar;C:\Users\rjoerger\.m2\repository\io\netty\netty-resolver-dns-classes-macos\4.1.74.Final\netty-resolver-dns-classes-macos-4.1.74.Final.jar;C:\Users\rjoerger\.m2\repository\io\netty\netty-transport-native-epoll\4.1.74.Final\netty-transport-native-epoll-4.1.74.Final-linux-x86_64.jar;C:\Users\rjoerger\.m2\repository\io\netty\netty-transport-native-unix-common\4.1.74.Final\netty-transport-native-unix-common-4.1.74.Final.jar;C:\Users\rjoerger\.m2\repository\io\netty\netty-transport-classes-epoll\4.1.74.Final\netty-transport-classes-epoll-4.1.74.Final.jar;C:\Users\rjoerger\.m2\repository\io\projectreactor\netty\reactor-netty-core\1.0.16\reactor-netty-core-1.0.16.jar;C:\Users\rjoerger\.m2\repository\io\netty\netty-handler-proxy\4.1.74.Final\netty-handler-proxy-4.1.74.Final.jar;C:\Users\rjoerger\.m2\repository\io\netty\netty-codec-socks\4.1.74.Final\netty-codec-socks-4.1.74.Final.jar;C:\Users\rjoerger\.m2\repository\com\github\ben-manes\caffeine\caffeine\2.8.8\caffeine-2.8.8.jar;C:\Users\rjoerger\.m2\repository\org\checkerframework\checker-qual\3.8.0\checker-qual-3.8.0.jar;C:\Users\rjoerger\.m2\repository\com\google\errorprone\error_prone_annotations\2.4.0\error_prone_annotations-2.4.0.jar;C:\Users\rjoerger\.m2\repository\com\discord4j\discord4j-gateway\3.2.2\discord4j-gateway-3.2.2.jar;C:\Users\rjoerger\.m2\repository\io\projectreactor\addons\reactor-extra\3.4.6\reactor-extra-3.4.6.jar;C:\Users\rjoerger\.m2\repository\io\projectreactor\reactor-core\3.4.13\reactor-core-3.4.13.jar;C:\Users\rjoerger\.m2\repository\com\discord4j\discord4j-voice\3.2.2\discord4j-voice-3.2.2.jar;C:\Users\rjoerger\.m2\repository\com\discord4j\simple-fsm\1.0.1\simple-fsm-1.0.1.jar;C:\Users\rjoerger\.m2\repository\com\discord4j\stores-jdk\3.2.1\stores-jdk-3.2.1.jar;C:\Users\rjoerger\.m2\repository\com\discord4j\stores-api\3.2.1\stores-api-3.2.1.jar;C:\Users\rjoerger\.m2\repository\com\austinv11\servicer\Servicer\1.0.3\Servicer-1.0.3.jar;C:\Users\rjoerger\.m2\repository\org\apache\kafka\connect-api\2.5.1\connect-api-2.5.1.jar;C:\Users\rjoerger\.m2\repository\org\apache\kafka\kafka-clients\2.5.1\kafka-clients-2.5.1.jar;C:\Users\rjoerger\.m2\repository\com\github\luben\zstd-jni\1.4.4-7\zstd-jni-1.4.4-7.jar;C:\Users\rjoerger\.m2\repository\org\lz4\lz4-java\1.7.1\lz4-java-1.7.1.jar;C:\Users\rjoerger\.m2\repository\org\xerial\snappy\snappy-java\1.1.7.3\snappy-java-1.1.7.3.jar;C:\Users\rjoerger\.m2\repository\javax\ws\rs\javax.ws.rs-api\2.1.1\javax.ws.rs-api-2.1.1.jar;C:\Users\rjoerger\.m2\repository\org\reactivestreams\reactive-streams\1.0.3\reactive-streams-1.0.3.jar;C:\Users\rjoerger\.m2\repository\org\reactivestreams\reactive-streams-tck\1.0.3\reactive-streams-tck-1.0.3.jar;C:\Users\rjoerger\.m2\repository\org\testng\testng\5.14.10\testng-5.14.10.jar;C:\Users\rjoerger\.m2\repository\org\beanshell\bsh\2.0b4\bsh-2.0b4.jar;C:\Users\rjoerger\.m2\repository\com\beust\jcommander\1.12\jcommander-1.12.jar;C:\Users\rjoerger\.m2\repository\org\yaml\snakeyaml\1.6\snakeyaml-1.6.jar;C:\Users\rjoerger\.m2\repository\org\reactivestreams\reactive-streams-tck-flow\1.0.3\reactive-streams-tck-flow-1.0.3.jar;C:\Users\rjoerger\.m2\repository\org\reactivestreams\reactive-streams-examples\1.0.3\reactive-streams-examples-1.0.3.jar;C:\Users\rjoerger\.m2\repository\org\slf4j\slf4j-api\1.7.25\slf4j-api-1.7.25.jar;"/>
    <property name="sun.cpu.endian" value="little"/>
    <property name="user.home" value="C:\Users\rjoerger"/>
    <property name="user.language" value="en"/>
    <property name="java.specification.vendor" value="Oracle Corporation"/>
    <property name="java.version.date" value="2020-10-20"/>
    <property name="java.home" value="C:\Users\rjoerger\.p2\pool\plugins\org.eclipse.justj.openjdk.hotspot.jre.full.win32.x86_64_15.0.1.v20201027-0507\jre"/>
    <property name="file.separator" value="\"/>
    <property name="basedir" value="C:\Users\rjoerger\eclipse-workspace\com.rjoerger.maven.discord-connect"/>
    <property name="java.vm.compressedOopsMode" value="32-bit"/>
    <property name="line.separator" value="&#10;"/>
    <property name="java.vm.specification.vendor" value="Oracle Corporation"/>
    <property name="java.specification.name" value="Java Platform API Specification"/>
    <property name="surefire.real.class.path" value="C:\Users\rjoerger\AppData\Local\Temp\surefire13143406386914973921\surefirebooter17171213179259409472.jar"/>
    <property name="user.script" value=""/>
    <property name="sun.management.compiler" value="HotSpot 64-Bit Tiered Compilers"/>
    <property name="java.runtime.version" value="15.0.1+9-18"/>
    <property name="user.name" value="rjoerger"/>
    <property name="path.separator" value=";"/>
    <property name="os.version" value="10.0"/>
    <property name="java.runtime.name" value="OpenJDK Runtime Environment"/>
    <property name="file.encoding" value="Cp1252"/>
    <property name="java.vm.name" value="OpenJDK 64-Bit Server VM"/>
    <property name="localRepository" value="C:\Users\rjoerger\.m2\repository"/>
    <property name="java.vendor.url.bug" value="https://bugreport.java.com/bugreport/"/>
    <property name="java.io.tmpdir" value="C:\Users\rjoerger\AppData\Local\Temp\"/>
    <property name="java.version" value="15.0.1"/>
    <property name="user.dir" value="C:\Users\rjoerger\eclipse-workspace\com.rjoerger.maven.discord-connect"/>
    <property name="os.arch" value="amd64"/>
    <property name="java.vm.specification.name" value="Java Virtual Machine Specification"/>
    <property name="sun.os.patch.level" value=""/>
    <property name="java.library.path" value="C:\Users\rjoerger\.p2\pool\plugins\org.eclipse.justj.openjdk.hotspot.jre.full.win32.x86_64_15.0.1.v20201027-0507\jre\bin;C:\WINDOWS\Sun\Java\bin;C:\WINDOWS\system32;C:\WINDOWS;C:/Users/rjoerger/.p2/pool/plugins/org.eclipse.justj.openjdk.hotspot.jre.full.win32.x86_64_16.0.2.v20210721-1149/jre/bin/server;C:/Users/rjoerger/.p2/pool/plugins/org.eclipse.justj.openjdk.hotspot.jre.full.win32.x86_64_16.0.2.v20210721-1149/jre/bin;C:\Program Files (x86)\Common Files\Oracle\Java\javapath;C:\WINDOWS\system32;C:\WINDOWS;C:\WINDOWS\System32\Wbem;C:\WINDOWS\System32\WindowsPowerShell\v1.0\;C:\WINDOWS\System32\OpenSSH\;C:\Program Files\MIT\Kerberos\bin;C:\Program Files\Amazon\AWSCLIV2\;C:\Program Files\Docker\Docker\resources\bin;C:\ProgramData\DockerDesktop\version-bin;C:\Users\rjoerger\AppData\Local\Microsoft\WindowsApps;C:\Users\rjoerger\AppData\Local\GitHubDesktop\bin;C:\Gradle\gradle-6.7.1\bin;;C:\WINDOWS\system32;;."/>
    <property name="java.vm.info" value="mixed mode"/>
    <property name="java.vendor" value="Oracle Corporation"/>
    <property name="java.vm.version" value="15.0.1+9-18"/>
    <property name="sun.io.unicode.encoding" value="UnicodeLittle"/>
    <property name="java.class.version" value="59.0"/>
  </properties>
</testsuite>